   Qt/MSBuild: 3.3.1.1
   Qt: 5.12.5
  AudioInput.cpp
  AudioOutput.cpp
  chatmessage.cpp
  logqueue.cpp
  main.cpp
  mytcpsocket.cpp
  mytextedit.cpp
  myvideosurface.cpp
  netheader.cpp
  partner.cpp
  recvsolve.cpp
  screen.cpp
  sendimg.cpp
C:\Program Files\Microsoft Visual Studio\2022\Community\MSBuild\Microsoft\VC\v170\Microsoft.CppCommon.targets(755,5): error MSB8071: 无法分析带正则表达式“^In file included from .*$”的工具输出“c1xx: fatal error C1060: 编译器的堆空间不足”: 引发类型为“System.OutOfMemoryException”的异常。
C:\Program Files\Microsoft Visual Studio\2022\Community\MSBuild\Microsoft\VC\v170\Microsoft.CppCommon.targets(755,5): error MSB4018: “CL”任务意外失败。
C:\Program Files\Microsoft Visual Studio\2022\Community\MSBuild\Microsoft\VC\v170\Microsoft.CppCommon.targets(755,5): error MSB4018: System.AggregateException: 发生一个或多个错误。 ---> System.OutOfMemoryException: 引发类型为“System.OutOfMemoryException”的异常。
C:\Program Files\Microsoft Visual Studio\2022\Community\MSBuild\Microsoft\VC\v170\Microsoft.CppCommon.targets(755,5): error MSB4018:    在 Go8(RegexRunner )
C:\Program Files\Microsoft Visual Studio\2022\Community\MSBuild\Microsoft\VC\v170\Microsoft.CppCommon.targets(755,5): error MSB4018:    在 System.Text.RegularExpressions.RegexRunner.Scan(Regex regex, String text, Int32 textbeg, Int32 textend, Int32 textstart, Int32 prevlen, Boolean quick, TimeSpan timeout)
C:\Program Files\Microsoft Visual Studio\2022\Community\MSBuild\Microsoft\VC\v170\Microsoft.CppCommon.targets(755,5): error MSB4018:    在 System.Text.RegularExpressions.Regex.Run(Boolean quick, Int32 prevlen, String input, Int32 beginning, Int32 length, Int32 startat)
C:\Program Files\Microsoft Visual Studio\2022\Community\MSBuild\Microsoft\VC\v170\Microsoft.CppCommon.targets(755,5): error MSB4018:    在 System.Text.RegularExpressions.Regex.Match(String input, Int32 startat)
C:\Program Files\Microsoft Visual Studio\2022\Community\MSBuild\Microsoft\VC\v170\Microsoft.CppCommon.targets(755,5): error MSB4018:    在 Microsoft.Build.CPPTasks.VCToolTask.ParseLine(String inputLine)
C:\Program Files\Microsoft Visual Studio\2022\Community\MSBuild\Microsoft\VC\v170\Microsoft.CppCommon.targets(755,5): error MSB4018: --- 引发异常的上一位置中堆栈跟踪的末尾 ---
C:\Program Files\Microsoft Visual Studio\2022\Community\MSBuild\Microsoft\VC\v170\Microsoft.CppCommon.targets(755,5): error MSB4018:    在 System.Runtime.ExceptionServices.ExceptionDispatchInfo.Throw()
C:\Program Files\Microsoft Visual Studio\2022\Community\MSBuild\Microsoft\VC\v170\Microsoft.CppCommon.targets(755,5): error MSB4018:    在 Microsoft.Build.CPPTasks.VCToolTask.ReportRegexException(String inputLine, Regex regex, Exception e)
C:\Program Files\Microsoft Visual Studio\2022\Community\MSBuild\Microsoft\VC\v170\Microsoft.CppCommon.targets(755,5): error MSB4018:    在 Microsoft.Build.CPPTasks.VCToolTask.ParseLine(String inputLine)
C:\Program Files\Microsoft Visual Studio\2022\Community\MSBuild\Microsoft\VC\v170\Microsoft.CppCommon.targets(755,5): error MSB4018:    在 Microsoft.Build.CPPTasks.VCToolTask.LogEventsFromTextOutput(String singleLine, MessageImportance messageImportance)
C:\Program Files\Microsoft Visual Studio\2022\Community\MSBuild\Microsoft\VC\v170\Microsoft.CppCommon.targets(755,5): error MSB4018:    在 Microsoft.Build.CPPTasks.TrackedVCToolTask.ToolOutputPipe.ProcessQueue()
C:\Program Files\Microsoft Visual Studio\2022\Community\MSBuild\Microsoft\VC\v170\Microsoft.CppCommon.targets(755,5): error MSB4018:    在 System.Threading.Tasks.Task.Execute()
C:\Program Files\Microsoft Visual Studio\2022\Community\MSBuild\Microsoft\VC\v170\Microsoft.CppCommon.targets(755,5): error MSB4018:    --- 内部异常堆栈跟踪的结尾 ---
C:\Program Files\Microsoft Visual Studio\2022\Community\MSBuild\Microsoft\VC\v170\Microsoft.CppCommon.targets(755,5): error MSB4018:    在 System.Threading.Tasks.Task.ThrowIfExceptional(Boolean includeTaskCanceledExceptions)
C:\Program Files\Microsoft Visual Studio\2022\Community\MSBuild\Microsoft\VC\v170\Microsoft.CppCommon.targets(755,5): error MSB4018:    在 System.Threading.Tasks.Task.Wait(Int32 millisecondsTimeout, CancellationToken cancellationToken)
C:\Program Files\Microsoft Visual Studio\2022\Community\MSBuild\Microsoft\VC\v170\Microsoft.CppCommon.targets(755,5): error MSB4018:    在 Microsoft.Build.CPPTasks.TrackedVCToolTask.ToolOutputPipe.OnProcessFinished()
C:\Program Files\Microsoft Visual Studio\2022\Community\MSBuild\Microsoft\VC\v170\Microsoft.CppCommon.targets(755,5): error MSB4018:    在 Microsoft.Build.CPPTasks.TrackedVCToolTask.CloseToolOutputPipes()
C:\Program Files\Microsoft Visual Studio\2022\Community\MSBuild\Microsoft\VC\v170\Microsoft.CppCommon.targets(755,5): error MSB4018:    在 Microsoft.Build.CPPTasks.TrackedVCToolTask.Execute()
C:\Program Files\Microsoft Visual Studio\2022\Community\MSBuild\Microsoft\VC\v170\Microsoft.CppCommon.targets(755,5): error MSB4018:    在 Microsoft.Build.BackEnd.TaskExecutionHost.Execute()
C:\Program Files\Microsoft Visual Studio\2022\Community\MSBuild\Microsoft\VC\v170\Microsoft.CppCommon.targets(755,5): error MSB4018:    在 Microsoft.Build.BackEnd.TaskBuilder.<ExecuteInstantiatedTask>d__26.MoveNext()
C:\Program Files\Microsoft Visual Studio\2022\Community\MSBuild\Microsoft\VC\v170\Microsoft.CppCommon.targets(755,5): error MSB4018: ---> (内部异常 #0) System.OutOfMemoryException: 引发类型为“System.OutOfMemoryException”的异常。
C:\Program Files\Microsoft Visual Studio\2022\Community\MSBuild\Microsoft\VC\v170\Microsoft.CppCommon.targets(755,5): error MSB4018:    在 Go8(RegexRunner )
C:\Program Files\Microsoft Visual Studio\2022\Community\MSBuild\Microsoft\VC\v170\Microsoft.CppCommon.targets(755,5): error MSB4018:    在 System.Text.RegularExpressions.RegexRunner.Scan(Regex regex, String text, Int32 textbeg, Int32 textend, Int32 textstart, Int32 prevlen, Boolean quick, TimeSpan timeout)
C:\Program Files\Microsoft Visual Studio\2022\Community\MSBuild\Microsoft\VC\v170\Microsoft.CppCommon.targets(755,5): error MSB4018:    在 System.Text.RegularExpressions.Regex.Run(Boolean quick, Int32 prevlen, String input, Int32 beginning, Int32 length, Int32 startat)
C:\Program Files\Microsoft Visual Studio\2022\Community\MSBuild\Microsoft\VC\v170\Microsoft.CppCommon.targets(755,5): error MSB4018:    在 System.Text.RegularExpressions.Regex.Match(String input, Int32 startat)
C:\Program Files\Microsoft Visual Studio\2022\Community\MSBuild\Microsoft\VC\v170\Microsoft.CppCommon.targets(755,5): error MSB4018:    在 Microsoft.Build.CPPTasks.VCToolTask.ParseLine(String inputLine)
C:\Program Files\Microsoft Visual Studio\2022\Community\MSBuild\Microsoft\VC\v170\Microsoft.CppCommon.targets(755,5): error MSB4018: --- 引发异常的上一位置中堆栈跟踪的末尾 ---
C:\Program Files\Microsoft Visual Studio\2022\Community\MSBuild\Microsoft\VC\v170\Microsoft.CppCommon.targets(755,5): error MSB4018:    在 System.Runtime.ExceptionServices.ExceptionDispatchInfo.Throw()
C:\Program Files\Microsoft Visual Studio\2022\Community\MSBuild\Microsoft\VC\v170\Microsoft.CppCommon.targets(755,5): error MSB4018:    在 Microsoft.Build.CPPTasks.VCToolTask.ReportRegexException(String inputLine, Regex regex, Exception e)
C:\Program Files\Microsoft Visual Studio\2022\Community\MSBuild\Microsoft\VC\v170\Microsoft.CppCommon.targets(755,5): error MSB4018:    在 Microsoft.Build.CPPTasks.VCToolTask.ParseLine(String inputLine)
C:\Program Files\Microsoft Visual Studio\2022\Community\MSBuild\Microsoft\VC\v170\Microsoft.CppCommon.targets(755,5): error MSB4018:    在 Microsoft.Build.CPPTasks.VCToolTask.LogEventsFromTextOutput(String singleLine, MessageImportance messageImportance)
C:\Program Files\Microsoft Visual Studio\2022\Community\MSBuild\Microsoft\VC\v170\Microsoft.CppCommon.targets(755,5): error MSB4018:    在 Microsoft.Build.CPPTasks.TrackedVCToolTask.ToolOutputPipe.ProcessQueue()
C:\Program Files\Microsoft Visual Studio\2022\Community\MSBuild\Microsoft\VC\v170\Microsoft.CppCommon.targets(755,5): error MSB4018:    在 System.Threading.Tasks.Task.Execute()<---
C:\Program Files\Microsoft Visual Studio\2022\Community\MSBuild\Microsoft\VC\v170\Microsoft.CppCommon.targets(755,5): error MSB4018: 
