f:\workspace\meeting-client\cloudmeeting\debug\mytcpsocket.obj
f:\workspace\meeting-client\cloudmeeting\debug\screen.obj
f:\workspace\meeting-client\cloudmeeting\debug\audiooutput.obj
f:\workspace\meeting-client\cloudmeeting\debug\netheader.obj
f:\workspace\meeting-client\cloudmeeting\debug\myvideosurface.obj
f:\workspace\meeting-client\cloudmeeting\debug\sendimg.obj
f:\workspace\meeting-client\cloudmeeting\debug\mytextedit.obj
f:\workspace\meeting-client\cloudmeeting\debug\main.obj
f:\workspace\meeting-client\cloudmeeting\debug\audioinput.obj
f:\workspace\meeting-client\cloudmeeting\debug\recvsolve.obj
f:\workspace\meeting-client\cloudmeeting\debug\sendtext.obj
f:\workspace\meeting-client\cloudmeeting\debug\chatmessage.obj
f:\workspace\meeting-client\cloudmeeting\debug\logqueue.obj
f:\workspace\meeting-client\cloudmeeting\debug\widget.obj
f:\workspace\meeting-client\cloudmeeting\debug\partner.obj
f:\workspace\meeting-client\cloudmeeting\debug\vc143.pdb
f:\workspace\meeting-client\cloudmeeting\debug\qrc_resource.obj
f:\workspace\meeting-client\cloudmeeting\debug\moc_mytextedit.obj
f:\workspace\meeting-client\cloudmeeting\debug\moc_myvideosurface.obj
f:\workspace\meeting-client\cloudmeeting\debug\moc_mytcpsocket.obj
f:\workspace\meeting-client\cloudmeeting\debug\moc_widget.obj
f:\workspace\meeting-client\cloudmeeting\debug\moc_sendimg.obj
f:\workspace\meeting-client\cloudmeeting\debug\moc_recvsolve.obj
f:\workspace\meeting-client\cloudmeeting\debug\moc_audioinput.obj
f:\workspace\meeting-client\cloudmeeting\debug\moc_partner.obj
f:\workspace\meeting-client\cloudmeeting\debug\moc_chatmessage.obj
f:\workspace\meeting-client\cloudmeeting\debug\moc_sendtext.obj
f:\workspace\meeting-client\cloudmeeting\debug\moc_audiooutput.obj
d:\1_code\visual studio 2022\cloudmeeting\debug\audioinput.obj
d:\1_code\visual studio 2022\cloudmeeting\debug\audiooutput.obj
d:\1_code\visual studio 2022\cloudmeeting\debug\chatmessage.obj
d:\1_code\visual studio 2022\cloudmeeting\debug\logqueue.obj
d:\1_code\visual studio 2022\cloudmeeting\debug\main.obj
d:\1_code\visual studio 2022\cloudmeeting\debug\mytcpsocket.obj
d:\1_code\visual studio 2022\cloudmeeting\debug\mytextedit.obj
d:\1_code\visual studio 2022\cloudmeeting\debug\myvideosurface.obj
d:\1_code\visual studio 2022\cloudmeeting\debug\netheader.obj
d:\1_code\visual studio 2022\cloudmeeting\debug\partner.obj
d:\1_code\visual studio 2022\cloudmeeting\debug\recvsolve.obj
d:\1_code\visual studio 2022\cloudmeeting\debug\screen.obj
d:\1_code\visual studio 2022\cloudmeeting\debug\sendimg.obj
d:\1_code\visual studio 2022\cloudmeeting\debug\sendtext.obj
d:\1_code\visual studio 2022\cloudmeeting\debug\widget.obj
d:\1_code\visual studio 2022\cloudmeeting\debug\vc143.pdb
d:\1_code\visual studio 2022\cloudmeeting\debug\qrc_resource.obj
d:\1_code\visual studio 2022\cloudmeeting\debug\moc_audioinput.obj
d:\1_code\visual studio 2022\cloudmeeting\debug\moc_audiooutput.obj
d:\1_code\visual studio 2022\cloudmeeting\debug\moc_chatmessage.obj
d:\1_code\visual studio 2022\cloudmeeting\debug\moc_mytcpsocket.obj
d:\1_code\visual studio 2022\cloudmeeting\debug\moc_mytextedit.obj
d:\1_code\visual studio 2022\cloudmeeting\debug\moc_myvideosurface.obj
d:\1_code\visual studio 2022\cloudmeeting\debug\moc_partner.obj
d:\1_code\visual studio 2022\cloudmeeting\debug\moc_recvsolve.obj
d:\1_code\visual studio 2022\cloudmeeting\debug\moc_sendimg.obj
d:\1_code\visual studio 2022\cloudmeeting\debug\moc_sendtext.obj
d:\1_code\visual studio 2022\cloudmeeting\debug\moc_widget.obj
d:\1_document\cppstudy\5-cloudmeeting\cloudmeeting\debug\audioinput.obj
d:\1_document\cppstudy\5-cloudmeeting\cloudmeeting\debug\audiooutput.obj
d:\1_document\cppstudy\5-cloudmeeting\cloudmeeting\debug\chatmessage.obj
d:\1_document\cppstudy\5-cloudmeeting\cloudmeeting\debug\logqueue.obj
d:\1_document\cppstudy\5-cloudmeeting\cloudmeeting\debug\main.obj
d:\1_document\cppstudy\5-cloudmeeting\cloudmeeting\debug\mytcpsocket.obj
d:\1_document\cppstudy\5-cloudmeeting\cloudmeeting\debug\mytextedit.obj
d:\1_document\cppstudy\5-cloudmeeting\cloudmeeting\debug\myvideosurface.obj
d:\1_document\cppstudy\5-cloudmeeting\cloudmeeting\debug\netheader.obj
d:\1_document\cppstudy\5-cloudmeeting\cloudmeeting\debug\partner.obj
d:\1_document\cppstudy\5-cloudmeeting\cloudmeeting\debug\recvsolve.obj
d:\1_document\cppstudy\5-cloudmeeting\cloudmeeting\debug\screen.obj
d:\1_document\cppstudy\5-cloudmeeting\cloudmeeting\debug\sendimg.obj
d:\1_document\cppstudy\5-cloudmeeting\cloudmeeting\debug\sendtext.obj
d:\1_document\cppstudy\5-cloudmeeting\cloudmeeting\debug\widget.obj
f:\workspace\meeting-client\cloudmeeting\ui_widget.h
f:\workspace\meeting-client\cloudmeeting\debug\qrc_resource.cpp
f:\workspace\meeting-client\cloudmeeting\debug\moc_audioinput.cpp
f:\workspace\meeting-client\cloudmeeting\debug\moc_audiooutput.cpp
f:\workspace\meeting-client\cloudmeeting\debug\moc_chatmessage.cpp
f:\workspace\meeting-client\cloudmeeting\debug\moc_mytcpsocket.cpp
f:\workspace\meeting-client\cloudmeeting\debug\moc_mytextedit.cpp
f:\workspace\meeting-client\cloudmeeting\debug\moc_myvideosurface.cpp
f:\workspace\meeting-client\cloudmeeting\debug\moc_partner.cpp
f:\workspace\meeting-client\cloudmeeting\debug\moc_recvsolve.cpp
f:\workspace\meeting-client\cloudmeeting\debug\moc_sendimg.cpp
f:\workspace\meeting-client\cloudmeeting\debug\moc_sendtext.cpp
f:\workspace\meeting-client\cloudmeeting\debug\moc_widget.cpp
d:\1_code\visual studio 2022\cloudmeeting\ui_widget.h
d:\1_code\visual studio 2022\cloudmeeting\debug\qrc_resource.cpp
d:\1_code\visual studio 2022\cloudmeeting\debug\moc_audioinput.cpp
d:\1_code\visual studio 2022\cloudmeeting\debug\moc_audiooutput.cpp
d:\1_code\visual studio 2022\cloudmeeting\debug\moc_chatmessage.cpp
d:\1_code\visual studio 2022\cloudmeeting\debug\moc_mytcpsocket.cpp
d:\1_code\visual studio 2022\cloudmeeting\debug\moc_mytextedit.cpp
d:\1_code\visual studio 2022\cloudmeeting\debug\moc_myvideosurface.cpp
d:\1_code\visual studio 2022\cloudmeeting\debug\moc_partner.cpp
d:\1_code\visual studio 2022\cloudmeeting\debug\moc_recvsolve.cpp
d:\1_code\visual studio 2022\cloudmeeting\debug\moc_sendimg.cpp
d:\1_code\visual studio 2022\cloudmeeting\debug\moc_sendtext.cpp
d:\1_code\visual studio 2022\cloudmeeting\debug\moc_widget.cpp
d:\1_document\cppstudy\5-cloudmeeting\cloudmeeting\ui_widget.h
d:\1_document\cppstudy\5-cloudmeeting\cloudmeeting\debug\qrc_resource.cpp
d:\1_document\cppstudy\5-cloudmeeting\cloudmeeting\debug\moc_audioinput.cpp
d:\1_document\cppstudy\5-cloudmeeting\cloudmeeting\debug\moc_audiooutput.cpp
d:\1_document\cppstudy\5-cloudmeeting\cloudmeeting\debug\moc_chatmessage.cpp
d:\1_document\cppstudy\5-cloudmeeting\cloudmeeting\debug\moc_mytcpsocket.cpp
d:\1_document\cppstudy\5-cloudmeeting\cloudmeeting\debug\moc_mytextedit.cpp
d:\1_document\cppstudy\5-cloudmeeting\cloudmeeting\debug\moc_myvideosurface.cpp
d:\1_document\cppstudy\5-cloudmeeting\cloudmeeting\debug\moc_partner.cpp
d:\1_document\cppstudy\5-cloudmeeting\cloudmeeting\debug\moc_recvsolve.cpp
d:\1_document\cppstudy\5-cloudmeeting\cloudmeeting\debug\moc_sendimg.cpp
d:\1_document\cppstudy\5-cloudmeeting\cloudmeeting\debug\moc_sendtext.cpp
d:\1_document\cppstudy\5-cloudmeeting\cloudmeeting\debug\moc_widget.cpp
f:\workspace\meeting-client\cloudmeeting\debug\cloudmeeting.exe
f:\workspace\meeting-client\cloudmeeting\debug\cloudmeeting.pdb
f:\workspace\meeting-client\cloudmeeting\debug\cloudmeeting.ilk
d:\1_document\cppstudy\5-cloudmeeting\cloudmeeting\debug\moc_audioinput.obj
d:\1_document\cppstudy\5-cloudmeeting\cloudmeeting\debug\moc_audiooutput.obj
d:\1_document\cppstudy\5-cloudmeeting\cloudmeeting\debug\moc_chatmessage.obj
d:\1_document\cppstudy\5-cloudmeeting\cloudmeeting\debug\moc_mytcpsocket.obj
d:\1_document\cppstudy\5-cloudmeeting\cloudmeeting\debug\moc_mytextedit.obj
d:\1_document\cppstudy\5-cloudmeeting\cloudmeeting\debug\moc_myvideosurface.obj
d:\1_document\cppstudy\5-cloudmeeting\cloudmeeting\debug\moc_partner.obj
d:\1_document\cppstudy\5-cloudmeeting\cloudmeeting\debug\moc_recvsolve.obj
d:\1_document\cppstudy\5-cloudmeeting\cloudmeeting\debug\moc_sendimg.obj
d:\1_document\cppstudy\5-cloudmeeting\cloudmeeting\debug\moc_sendtext.obj
d:\1_document\cppstudy\5-cloudmeeting\cloudmeeting\debug\moc_widget.obj
d:\1_document\cppstudy\5-cloudmeeting\cloudmeeting\debug\qrc_resource.obj
d:\1_document\cppstudy\5-cloudmeeting\cloudmeeting\debug\cloudmeeting.ilk
d:\1_document\cppstudy\5-cloudmeeting\cloudmeeting\debug\cloudmeeting.pdb
d:\1_document\cppstudy\5-cloudmeeting\cloudmeeting\debug\vc143.pdb
d:\1_document\cppstudy\5-cloudmeeting\cloudmeeting\debug\cloudmeeting.exe
d:\1_document\cppstudy\5-cloudmeeting\cloudmeeting\debug\cloudmeeting.tlog\cl.command.1.tlog
d:\1_document\cppstudy\5-cloudmeeting\cloudmeeting\debug\cloudmeeting.tlog\cl.items.tlog
d:\1_document\cppstudy\5-cloudmeeting\cloudmeeting\debug\cloudmeeting.tlog\cl.read.1.tlog
d:\1_document\cppstudy\5-cloudmeeting\cloudmeeting\debug\cloudmeeting.tlog\cl.write.1.tlog
d:\1_document\cppstudy\5-cloudmeeting\cloudmeeting\debug\cloudmeeting.tlog\cloudmeeting.write.1u.tlog
d:\1_document\cppstudy\5-cloudmeeting\cloudmeeting\debug\cloudmeeting.tlog\link.command.1.tlog
d:\1_document\cppstudy\5-cloudmeeting\cloudmeeting\debug\cloudmeeting.tlog\link.read.1.tlog
d:\1_document\cppstudy\5-cloudmeeting\cloudmeeting\debug\cloudmeeting.tlog\link.secondary.1.tlog
d:\1_document\cppstudy\5-cloudmeeting\cloudmeeting\debug\cloudmeeting.tlog\link.write.1.tlog
d:\1_document\cppstudy\5-cloudmeeting\cloudmeeting\debug\cloudmeeting.tlog\moc.read.1u.tlog
d:\1_document\cppstudy\5-cloudmeeting\cloudmeeting\debug\cloudmeeting.tlog\moc.write.1u.tlog
d:\1_document\cppstudy\5-cloudmeeting\cloudmeeting\debug\cloudmeeting.tlog\rcc.read.1u.tlog
d:\1_document\cppstudy\5-cloudmeeting\cloudmeeting\debug\cloudmeeting.tlog\rcc.write.1u.tlog
d:\1_document\cppstudy\5-cloudmeeting\cloudmeeting\debug\cloudmeeting.tlog\uic.read.1u.tlog
d:\1_document\cppstudy\5-cloudmeeting\cloudmeeting\debug\cloudmeeting.tlog\uic.write.1u.tlog
